This is pdfTeX, Version 3.14159265-2.6-1.40.21 (MiKTeX 20.11) (preloaded format=pdflatex 2021.3.4)  3 JUN 2021 19:29
entering extended mode
**./main.tex
(main.tex
LaTeX2e <2020-10-01> patch level 2
L3 programming layer <2020-10-27> xparse <2020-03-03>
(D:\Softwares\Miktex\tex/latex/base\article.cls
Document Class: article 2020/04/10 v1.4m Standard LaTeX document class
(D:\Softwares\Miktex\tex/latex/base\size10.clo
File: size10.clo 2020/04/10 v1.4m Standard LaTeX file (size option)
)
\c@part=\count175
\c@section=\count176
\c@subsection=\count177
\c@subsubsection=\count178
\c@paragraph=\count179
\c@subparagraph=\count180
\c@figure=\count181
\c@table=\count182
\abovecaptionskip=\skip47
\belowcaptionskip=\skip48
\bibindent=\dimen138
)
(D:\Softwares\Miktex\tex/latex/base\inputenc.sty
Package: inputenc 2020/08/01 v1.3d Input encoding file
\inpenc@prehook=\toks15
\inpenc@posthook=\toks16
)
(D:\Softwares\Miktex\tex/latex/natbib\natbib.sty
Package: natbib 2010/09/13 8.31b (PWD, AO)
\bibhang=\skip49
\bibsep=\skip50
LaTeX Info: Redefining \cite on input line 694.
\c@NAT@ctr=\count183
)
(D:\Softwares\Miktex\tex/latex/graphics\graphicx.sty
Package: graphicx 2020/09/09 v1.2b Enhanced LaTeX Graphics (DPC,SPQR)

(D:\Softwares\Miktex\tex/latex/graphics\keyval.sty
Package: keyval 2014/10/28 v1.15 key=value parser (DPC)
\KV@toks@=\toks17
)
(D:\Softwares\Miktex\tex/latex/graphics\graphics.sty
Package: graphics 2020/08/30 v1.4c Standard LaTeX Graphics (DPC,SPQR)

(D:\Softwares\Miktex\tex/latex/graphics\trig.sty
Package: trig 2016/01/03 v1.10 sin cos tan (DPC)
)
(D:\Softwares\Miktex\tex/latex/graphics-cfg\graphics.cfg
File: graphics.cfg 2016/06/04 v1.11 sample graphics configuration
)
Package graphics Info: Driver file: pdftex.def on input line 105.

(D:\Softwares\Miktex\tex/latex/graphics-def\pdftex.def
File: pdftex.def 2020/10/05 v1.2a Graphics/color driver for pdftex
))
\Gin@req@height=\dimen139
\Gin@req@width=\dimen140
)
(D:\Softwares\Miktex\tex/latex/amsmath\amsmath.sty
Package: amsmath 2020/09/23 v2.17i AMS math features
\@mathmargin=\skip51

For additional information on amsmath, use the `?' option.
(D:\Softwares\Miktex\tex/latex/amsmath\amstext.sty
Package: amstext 2000/06/29 v2.01 AMS text

(D:\Softwares\Miktex\tex/latex/amsmath\amsgen.sty
File: amsgen.sty 1999/11/30 v2.0 generic functions
\@emptytoks=\toks18
\ex@=\dimen141
))
(D:\Softwares\Miktex\tex/latex/amsmath\amsbsy.sty
Package: amsbsy 1999/11/29 v1.2d Bold Symbols
\pmbraise@=\dimen142
)
(D:\Softwares\Miktex\tex/latex/amsmath\amsopn.sty
Package: amsopn 2016/03/08 v2.02 operator names
)
\inf@bad=\count184
LaTeX Info: Redefining \frac on input line 234.
\uproot@=\count185
\leftroot@=\count186
LaTeX Info: Redefining \overline on input line 399.
\classnum@=\count187
\DOTSCASE@=\count188
LaTeX Info: Redefining \ldots on input line 496.
LaTeX Info: Redefining \dots on input line 499.
LaTeX Info: Redefining \cdots on input line 620.
\Mathstrutbox@=\box47
\strutbox@=\box48
\big@size=\dimen143
LaTeX Font Info:    Redeclaring font encoding OML on input line 743.
LaTeX Font Info:    Redeclaring font encoding OMS on input line 744.
\macc@depth=\count189
\c@MaxMatrixCols=\count190
\dotsspace@=\muskip16
\c@parentequation=\count191
\dspbrk@lvl=\count192
\tag@help=\toks19
\row@=\count193
\column@=\count194
\maxfields@=\count195
\andhelp@=\toks20
\eqnshift@=\dimen144
\alignsep@=\dimen145
\tagshift@=\dimen146
\tagwidth@=\dimen147
\totwidth@=\dimen148
\lineht@=\dimen149
\@envbody=\toks21
\multlinegap=\skip52
\multlinetaggap=\skip53
\mathdisplay@stack=\toks22
LaTeX Info: Redefining \[ on input line 2923.
LaTeX Info: Redefining \] on input line 2924.
)
(D:\Softwares\Miktex\tex/latex/listings\listings.sty
\lst@mode=\count196
\lst@gtempboxa=\box49
\lst@token=\toks23
\lst@length=\count197
\lst@currlwidth=\dimen150
\lst@column=\count198
\lst@pos=\count199
\lst@lostspace=\dimen151
\lst@width=\dimen152
\lst@newlines=\count266
\lst@lineno=\count267
\lst@maxwidth=\dimen153

(D:\Softwares\Miktex\tex/latex/listings\lstmisc.sty
File: lstmisc.sty 2020/03/24 1.8d (Carsten Heinz)
\c@lstnumber=\count268
\lst@skipnumbers=\count269
\lst@framebox=\box50
)
(D:\Softwares\Miktex\tex/latex/listings\listings.cfg
File: listings.cfg 2020/03/24 1.8d listings configuration
))
Package: listings 2020/03/24 1.8d (Carsten Heinz)

(D:\Softwares\Miktex\tex/latex/l3backend\l3backend-pdftex.def
File: l3backend-pdftex.def 2020-09-24 L3 backend support: PDF output (pdfTeX)
\l__kernel_color_stack_int=\count270
\l__pdf_internal_box=\box51
) (main.aux

LaTeX Warning: Label `fig:universe' multiply defined.


LaTeX Warning: Label `fig:universe' multiply defined.


LaTeX Warning: Label `fig:universe' multiply defined.


LaTeX Warning: Label `fig:universe' multiply defined.


LaTeX Warning: Label `fig:universe' multiply defined.


LaTeX Warning: Label `fig:universe' multiply defined.


LaTeX Warning: Label `fig:universe' multiply defined.


LaTeX Warning: Label `fig:universe' multiply defined.


LaTeX Warning: Label `fig:universe' multiply defined.


LaTeX Warning: Label `fig:universe' multiply defined.


LaTeX Warning: Label `fig:universe' multiply defined.


LaTeX Warning: Label `fig:universe' multiply defined.


LaTeX Warning: Label `fig:universe' multiply defined.

)
\openout1 = `main.aux'.

LaTeX Font Info:    Checking defaults for OML/cmm/m/it on input line 13.
LaTeX Font Info:    ... okay on input line 13.
LaTeX Font Info:    Checking defaults for OMS/cmsy/m/n on input line 13.
LaTeX Font Info:    ... okay on input line 13.
LaTeX Font Info:    Checking defaults for OT1/cmr/m/n on input line 13.
LaTeX Font Info:    ... okay on input line 13.
LaTeX Font Info:    Checking defaults for T1/cmr/m/n on input line 13.
LaTeX Font Info:    ... okay on input line 13.
LaTeX Font Info:    Checking defaults for TS1/cmr/m/n on input line 13.
LaTeX Font Info:    ... okay on input line 13.
LaTeX Font Info:    Checking defaults for OMX/cmex/m/n on input line 13.
LaTeX Font Info:    ... okay on input line 13.
LaTeX Font Info:    Checking defaults for U/cmr/m/n on input line 13.
LaTeX Font Info:    ... okay on input line 13.
 (D:\Softwares\Miktex\tex/context/base/mkii\supp-pdf.mkii
[Loading MPS to PDF converter (version 2006.09.02).]
\scratchcounter=\count271
\scratchdimen=\dimen154
\scratchbox=\box52
\nofMPsegments=\count272
\nofMParguments=\count273
\everyMPshowfont=\toks24
\MPscratchCnt=\count274
\MPscratchDim=\dimen155
\MPnumerator=\count275
\makeMPintoPDFobject=\count276
\everyMPtoPDFconversion=\toks25
) (D:\Softwares\Miktex\tex/latex/epstopdf-pkg\epstopdf-base.sty
Package: epstopdf-base 2020-01-24 v2.11 Base part for package epstopdf
Package epstopdf-base Info: Redefining graphics rule for `.eps' on input line 4
85.
)
\c@lstlisting=\count277
 [1

{C:/Users/yoges/AppData/Local/MiKTeX/pdftex/config/pdftex.map}]
<Figure_1.png, id=11, 462.528pt x 346.896pt>
File: Figure_1.png Graphic file (type png)
<use Figure_1.png>
Package pdftex.def Info: Figure_1.png  used on input line 30.
(pdftex.def)             Requested size: 231.26343pt x 173.44757pt.
<Figure_2.png, id=13, 462.528pt x 346.896pt>
File: Figure_2.png Graphic file (type png)
<use Figure_2.png>
Package pdftex.def Info: Figure_2.png  used on input line 39.
(pdftex.def)             Requested size: 231.26343pt x 173.44757pt.
 [2

 <./Figure_1.png> <./Figure_2.png>]
<Figure_3.png, id=23, 462.528pt x 346.896pt>
File: Figure_3.png Graphic file (type png)
<use Figure_3.png>
Package pdftex.def Info: Figure_3.png  used on input line 51.
(pdftex.def)             Requested size: 231.26343pt x 173.44757pt.
<Figure_4.png, id=24, 462.528pt x 346.896pt>
File: Figure_4.png Graphic file (type png)
<use Figure_4.png>
Package pdftex.def Info: Figure_4.png  used on input line 62.
(pdftex.def)             Requested size: 231.26343pt x 173.44757pt.
 [3 <./Figure_3.png> <./Figure_4.png>]
<Figure_5.png, id=30, 462.528pt x 346.896pt>
File: Figure_5.png Graphic file (type png)
<use Figure_5.png>
Package pdftex.def Info: Figure_5.png  used on input line 78.
(pdftex.def)             Requested size: 277.51894pt x 208.13919pt.
 [4 <./Figure_5.png>]
<Figure_6.png, id=35, 462.528pt x 346.896pt>
File: Figure_6.png Graphic file (type png)
<use Figure_6.png>
Package pdftex.def Info: Figure_6.png  used on input line 89.
(pdftex.def)             Requested size: 231.26343pt x 173.44757pt.
<Figure_7.png, id=36, 462.528pt x 346.896pt>
File: Figure_7.png Graphic file (type png)
<use Figure_7.png>
Package pdftex.def Info: Figure_7.png  used on input line 99.
(pdftex.def)             Requested size: 231.26343pt x 173.44757pt.
 [5

 <./Figure_6.png> <./Figure_7.png>]
<Figure_8.png, id=42, 462.528pt x 346.896pt>
File: Figure_8.png Graphic file (type png)
<use Figure_8.png>
Package pdftex.def Info: Figure_8.png  used on input line 111.
(pdftex.def)             Requested size: 231.26343pt x 173.44757pt.
<Figure_9.png, id=43, 462.528pt x 346.896pt>
File: Figure_9.png Graphic file (type png)
<use Figure_9.png>
Package pdftex.def Info: Figure_9.png  used on input line 118.
(pdftex.def)             Requested size: 231.26343pt x 173.44757pt.
<Figure_10.png, id=44, 462.528pt x 346.896pt>
File: Figure_10.png Graphic file (type png)
<use Figure_10.png>
Package pdftex.def Info: Figure_10.png  used on input line 128.
(pdftex.def)             Requested size: 277.51894pt x 208.13919pt.
 [6 <./Figure_8.png> <./Figure_9.png>]
Underfull \hbox (badness 10000) in paragraph at lines 135--142

 []


Underfull \hbox (badness 10000) in paragraph at lines 135--142

 []

[7 <./Figure_10.png>]
<Figure_11.png, id=55, 462.528pt x 346.896pt>
File: Figure_11.png Graphic file (type png)
<use Figure_11.png>
Package pdftex.def Info: Figure_11.png  used on input line 150.
(pdftex.def)             Requested size: 277.51894pt x 208.13919pt.

Underfull \hbox (badness 10000) in paragraph at lines 147--160

 []


Underfull \hbox (badness 10000) in paragraph at lines 147--160

 []

[8 <./Figure_11.png>]
<Figure_12.png, id=60, 462.528pt x 346.896pt>
File: Figure_12.png Graphic file (type png)
<use Figure_12.png>
Package pdftex.def Info: Figure_12.png  used on input line 168.
(pdftex.def)             Requested size: 231.26343pt x 173.44757pt.
<Figure_13.png, id=61, 462.528pt x 346.896pt>
File: Figure_13.png Graphic file (type png)
<use Figure_13.png>
Package pdftex.def Info: Figure_13.png  used on input line 176.
(pdftex.def)             Requested size: 231.26343pt x 173.44757pt.
 [9 <./Figure_12.png> <./Figure_13.png>]
<Figure_14.png, id=67, 526.96875pt x 192.11775pt>
File: Figure_14.png Graphic file (type png)
<use Figure_14.png>
Package pdftex.def Info: Figure_14.png  used on input line 187.
(pdftex.def)             Requested size: 368.8756pt x 134.4815pt.

Overfull \hbox (23.8756pt too wide) in paragraph at lines 187--188
[][] 
 []

[10 <./Figure_14.png>] (main.aux)

LaTeX Warning: There were multiply-defined labels.

 ) 
Here is how much of TeX's memory you used:
 3613 strings out of 479798
 50028 string characters out of 2881506
 326737 words of memory out of 3000000
 20593 multiletter control sequences out of 15000+200000
 541337 words of font info for 51 fonts, out of 3000000 for 9000
 1141 hyphenation exceptions out of 8191
 66i,7n,72p,387b,263s stack positions out of 5000i,500n,10000p,200000b,50000s
{D:/Softwares/Miktex/fonts/enc/dvips/cm-super/cm-super-ts1.enc}<D:/Softwares/
Miktex/fonts/type1/public/amsfonts/cm/cmbx12.pfb><D:/Softwares/Miktex/fonts/typ
e1/public/amsfonts/cm/cmex10.pfb><D:/Softwares/Miktex/fonts/type1/public/amsfon
ts/cm/cmmi10.pfb><D:/Softwares/Miktex/fonts/type1/public/amsfonts/cm/cmmi12.pfb
><D:/Softwares/Miktex/fonts/type1/public/amsfonts/cm/cmmi7.pfb><D:/Softwares/Mi
ktex/fonts/type1/public/amsfonts/cm/cmr10.pfb><D:/Softwares/Miktex/fonts/type1/
public/amsfonts/cm/cmr12.pfb><D:/Softwares/Miktex/fonts/type1/public/amsfonts/c
m/cmr17.pfb><D:/Softwares/Miktex/fonts/type1/public/amsfonts/cm/cmr7.pfb><D:/So
ftwares/Miktex/fonts/type1/public/amsfonts/cm/cmsy10.pfb><D:/Softwares/Miktex/f
onts/type1/public/cm-super/sfrm1000.pfb>
Output written on main.pdf (10 pages, 516535 bytes).
PDF statistics:
 109 PDF objects out of 1000 (max. 8388607)
 0 named destinations out of 1000 (max. 500000)
 71 words of extra memory for PDF output out of 10000 (max. 10000000)

